#
# A fatal error has been detected by the Java Runtime Environment:
#
#  SIGSEGV (0xb) at pc=0x00000001121ad6f0, pid=11894, tid=0x0000000000005603
#
# JRE version: Java(TM) SE Runtime Environment (8.0_144-b01) (build 1.8.0_144-b01)
# Java VM: Java HotSpot(TM) 64-Bit Server VM (25.144-b01 mixed mode bsd-amd64 compressed oops)
# Problematic frame:
# C  [libbarchart-udt-core-2.3.0-SNAPSHOT.jnilib+0x1c6f0]  _ZN6CEPoll4waitEiPSt3setIiSt4lessIiESaIiEES5_xS5_S5_+0x18a
#
# Failed to write core dump. Core dumps have been disabled. To enable core dumping, try "ulimit -c unlimited" before starting Java again
#
# If you would like to submit a bug report, please visit:
#   http://bugreport.java.com/bugreport/crash.jsp
# The crash happened outside the Java Virtual Machine in native code.
# See problematic frame for where to report the bug.
#

---------------  T H R E A D  ---------------

Current thread (0x00007fa79d018000):  JavaThread "boss-0" [_thread_in_native, id=22019, stack(0x000070000703b000,0x000070000713b000)]

siginfo: si_signo: 11 (SIGSEGV), si_code: 1 (SEGV_MAPERR), si_addr: 0x0000007fa799fcb7

Registers:
RAX=0x00007fa799ebb7a0, RBX=0x0000000000000001, RCX=0x0000007fa799fc97, RDX=0x0000000000000000
RSP=0x0000700007139fd0, RBP=0x000070000713a180, RSI=0x0000000000000000, RDI=0x00000001121c7d58
R8 =0x000000000015a56f, R9 =0xffffffff00000000, R10=0x00000001121c78d8, R11=0x00000001121c791c
R12=0x0000000000000000, R13=0x000000000000000a, R14=0x0000000000000000, R15=0x00007fa799ebb790
RIP=0x00000001121ad6f0, EFLAGS=0x0000000000010202, ERR=0x0000000000000004
  TRAPNO=0x000000000000000e

Top of Stack: (sp=0x0000700007139fd0)
0x0000700007139fd0:   000070000713a020 00057cf2dedc45d6
0x0000700007139fe0:   00000001121c7d38 0000000000002710
0x0000700007139ff0:   000070000713a230 000070000713a260
0x000070000713a000:   0000000000001e00 000000000000000a
0x000070000713a010:   00000001121c7d58 00000001121c7d30
0x000070000713a020:   00000001121c7ce0 000070000713a228
0x000070000713a030:   000070000713a258 0000000000000000
0x000070000713a040:   0000000000000000 fd00000070001003
0x000070000713a050:   0000000108110800 0000000000000030
0x000070000713a060:   00007fa7a0300000 0000000000000004
0x000070000713a070:   000070000713a100 00007fff6a890b54
0x000070000713a080:   00007fa7a0000000 00007fa7a03fc080
0x000070000713a090:   0000700000000003 0000000000000003
0x000070000713a0a0:   000000010810c080 00007fa7a0359260
0x000070000713a0b0:   0000000100000000 00007fa7a0300000
0x000070000713a0c0:   00007fa7a0359260 00007fa7a0359290
0x000070000713a0d0:   0000000108110800 0000000000000003
0x000070000713a0e0:   00007fa7a03fc09c 0000000108110800
0x000070000713a0f0:   000000010810c080 00007fa7a0359260
0x000070000713a100:   000070000713a160 00007fff6a890631
0x000070000713a110:   000000010810b000 00007fa7a0300000
0x000070000713a120:   00007fa7a0359260 00007fff6a89019a
0x000070000713a130:   0000000000000003 00007fa799fd9660
0x000070000713a140:   0000000000000000 000000000000000a
0x000070000713a150:   000070000713a2d0 000070000713a2e0
0x000070000713a160:   0000000000000000 000000000000000a
0x000070000713a170:   000070000713a2d0 00007fa79d0181f8
0x000070000713a180:   000070000713a1e0 000000011219432d
0x000070000713a190:   0000000000000000 00000000ffffffff
0x000070000713a1a0:   00007fa79d0181f8 00007fa79d018000
0x000070000713a1b0:   000070000713a1e0 00000001121a50ae
0x000070000713a1c0:   000070000713a1e0 00000001121a4fc0 

Instructions: (pc=0x00000001121ad6f0)
0x00000001121ad6d0:   ff 48 8b 85